Wed Apr 29 15:17:38 2015 [1][-none-][FATAL] Could not connect to DB server localhost as root. port : Can't connect to local MySQL server through socket '/var/run/mysqld/mysqld.sock' (2)
Wed Apr 29 15:17:38 2015 [1][-none-][FATAL] Could Not Connect: Database Is Not Connected
Wed Apr 29 15:17:38 2015 [1][-none-][FATAL]  Query Failed: SELECT SCHEMA_NAME FROM INFORMATION_SCHEMA.SCHEMATA WHERE SCHEMA_NAME = '' LIMIT 0,1: Database Is Not Connected
Wed Apr 29 15:17:38 2015 [1][-none-][FATAL]  Get One Failed:SELECT SCHEMA_NAME FROM INFORMATION_SCHEMA.SCHEMATA WHERE SCHEMA_NAME = '': Database Is Not Connected
Wed Apr 29 15:17:38 2015 [1][-none-][FATAL]  Query Failed: SELECT version() version LIMIT 0,1: Database Is Not Connected
Wed Apr 29 15:17:38 2015 [1][-none-][FATAL]  Get One Failed:SELECT version() version: Database Is Not Connected
Wed Apr 29 15:29:11 2015 [1][-none-][FATAL]  Query Failed: SELECT id FROM aow_workflow WHERE aow_workflow.flow_module = 'ACLActions' AND aow_workflow.status = 'Active' AND aow_workflow.deleted = 0 : MySQL error 1146: Table 'suitecrm.aow_workflow' doesn't exist
Wed Apr 29 15:29:11 2015 [1][-none-][FATAL]  Query Failed: SELECT id FROM aow_workflow WHERE aow_workflow.flow_module = 'ACLActions' AND aow_workflow.status = 'Active' AND aow_workflow.deleted = 0 : MySQL error 1146: Table 'suitecrm.aow_workflow' doesn't exist
Wed Apr 29 15:29:11 2015 [1][-none-][FATAL]  Query Failed: SELECT id FROM aow_workflow WHERE aow_workflow.flow_module = 'ACLActions' AND aow_workflow.status = 'Active' AND aow_workflow.deleted = 0 : MySQL error 1146: Table 'suitecrm.aow_workflow' doesn't exist
Wed Apr 29 15:29:11 2015 [1][-none-][FATAL]  Query Failed: SELECT id FROM aow_workflow WHERE aow_workflow.flow_module = 'ACLActions' AND aow_workflow.status = 'Active' AND aow_workflow.deleted = 0 : MySQL error 1146: Table 'suitecrm.aow_workflow' doesn't exist
Wed Apr 29 15:29:11 2015 [1][-none-][FATAL]  Query Failed: SELECT id FROM aow_workflow WHERE aow_workflow.flow_module = 'ACLActions' AND aow_workflow.status = 'Active' AND aow_workflow.deleted = 0 : MySQL error 1146: Table 'suitecrm.aow_workflow' doesn't exist
Wed Apr 29 15:29:11 2015 [1][-none-][FATAL]  Query Failed: SELECT id FROM aow_workflow WHERE aow_workflow.flow_module = 'ACLActions' AND aow_workflow.status = 'Active' AND aow_workflow.deleted = 0 : MySQL error 1146: Table 'suitecrm.aow_workflow' doesn't exist
Wed Apr 29 15:29:12 2015 [1][-none-][FATAL]  Query Failed: SELECT id FROM aow_workflow WHERE aow_workflow.flow_module = 'ACLActions' AND aow_workflow.status = 'Active' AND aow_workflow.deleted = 0 : MySQL error 1146: Table 'suitecrm.aow_workflow' doesn't exist
Wed Apr 29 15:29:12 2015 [1][-none-][FATAL]  Query Failed: SELECT id FROM aow_workflow WHERE aow_workflow.flow_module = 'ACLActions' AND aow_workflow.status = 'Active' AND aow_workflow.deleted = 0 : MySQL error 1146: Table 'suitecrm.aow_workflow' doesn't exist
Wed Apr 29 15:29:12 2015 [1][-none-][FATAL]  Query Failed: SELECT id FROM aow_workflow WHERE aow_workflow.flow_module = 'ACLActions' AND aow_workflow.status = 'Active' AND aow_workflow.deleted = 0 : MySQL error 1146: Table 'suitecrm.aow_workflow' doesn't exist
Wed Apr 29 15:29:13 2015 [1][-none-][FATAL]  Query Failed: SELECT id FROM aow_workflow WHERE aow_workflow.flow_module = 'ACLActions' AND aow_workflow.status = 'Active' AND aow_workflow.deleted = 0 : MySQL error 1146: Table 'suitecrm.aow_workflow' doesn't exist
Wed Apr 29 15:29:13 2015 [1][-none-][FATAL]  Query Failed: SELECT id FROM aow_workflow WHERE aow_workflow.flow_module = 'ACLActions' AND aow_workflow.status = 'Active' AND aow_workflow.deleted = 0 : MySQL error 1146: Table 'suitecrm.aow_workflow' doesn't exist
Wed Apr 29 15:29:13 2015 [1][-none-][FATAL]  Query Failed: SELECT id FROM aow_workflow WHERE aow_workflow.flow_module = 'ACLActions' AND aow_workflow.status = 'Active' AND aow_workflow.deleted = 0 : MySQL error 1146: Table 'suitecrm.aow_workflow' doesn't exist
Wed Apr 29 15:29:13 2015 [1][-none-][FATAL]  Query Failed: SELECT id FROM aow_workflow WHERE aow_workflow.flow_module = 'ACLActions' AND aow_workflow.status = 'Active' AND aow_workflow.deleted = 0 : MySQL error 1146: Table 'suitecrm.aow_workflow' doesn't exist
Wed Apr 29 15:29:13 2015 [1][-none-][FATAL]  Query Failed: SELECT id FROM aow_workflow WHERE aow_workflow.flow_module = 'ACLActions' AND aow_workflow.status = 'Active' AND aow_workflow.deleted = 0 : MySQL error 1146: Table 'suitecrm.aow_workflow' doesn't exist
Wed Apr 29 15:29:13 2015 [1][-none-][FATAL]  Query Failed: SELECT id FROM aow_workflow WHERE aow_workflow.flow_module = 'ACLActions' AND aow_workflow.status = 'Active' AND aow_workflow.deleted = 0 : MySQL error 1146: Table 'suitecrm.aow_workflow' doesn't exist
Wed Apr 29 15:29:13 2015 [1][-none-][FATAL]  Query Failed: SELECT id FROM aow_workflow WHERE aow_workflow.flow_module = 'ACLActions' AND aow_workflow.status = 'Active' AND aow_workflow.deleted = 0 : MySQL error 1146: Table 'suitecrm.aow_workflow' doesn't exist
Wed Apr 29 15:29:13 2015 [1][-none-][FATAL]  Query Failed: SELECT id FROM aow_workflow WHERE aow_workflow.flow_module = 'ACLActions' AND aow_workflow.status = 'Active' AND aow_workflow.deleted = 0 : MySQL error 1146: Table 'suitecrm.aow_workflow' doesn't exist
Wed Apr 29 15:29:13 2015 [1][-none-][FATAL]  Query Failed: SELECT id FROM aow_workflow WHERE aow_workflow.flow_module = 'ACLActions' AND aow_workflow.status = 'Active' AND aow_workflow.deleted = 0 : MySQL error 1146: Table 'suitecrm.aow_workflow' doesn't exist
Wed Apr 29 15:29:13 2015 [1][-none-][FATAL]  Query Failed: SELECT id FROM aow_workflow WHERE aow_workflow.flow_module = 'ACLActions' AND aow_workflow.status = 'Active' AND aow_workflow.deleted = 0 : MySQL error 1146: Table 'suitecrm.aow_workflow' doesn't exist
Wed Apr 29 15:29:14 2015 [1][-none-][FATAL]  Query Failed: SELECT id FROM aow_workflow WHERE aow_workflow.flow_module = 'ACLActions' AND aow_workflow.status = 'Active' AND aow_workflow.deleted = 0 : MySQL error 1146: Table 'suitecrm.aow_workflow' doesn't exist
Wed Apr 29 15:29:14 2015 [1][-none-][FATAL]  Query Failed: SELECT id FROM aow_workflow WHERE aow_workflow.flow_module = 'ACLActions' AND aow_workflow.status = 'Active' AND aow_workflow.deleted = 0 : MySQL error 1146: Table 'suitecrm.aow_workflow' doesn't exist
Wed Apr 29 15:29:14 2015 [1][-none-][FATAL]  Query Failed: SELECT id FROM aow_workflow WHERE aow_workflow.flow_module = 'ACLActions' AND aow_workflow.status = 'Active' AND aow_workflow.deleted = 0 : MySQL error 1146: Table 'suitecrm.aow_workflow' doesn't exist
Wed Apr 29 15:29:14 2015 [1][-none-][FATAL]  Query Failed: SELECT id FROM aow_workflow WHERE aow_workflow.flow_module = 'ACLActions' AND aow_workflow.status = 'Active' AND aow_workflow.deleted = 0 : MySQL error 1146: Table 'suitecrm.aow_workflow' doesn't exist
Wed Apr 29 15:29:14 2015 [1][-none-][FATAL]  Query Failed: SELECT id FROM aow_workflow WHERE aow_workflow.flow_module = 'ACLActions' AND aow_workflow.status = 'Active' AND aow_workflow.deleted = 0 : MySQL error 1146: Table 'suitecrm.aow_workflow' doesn't exist
Wed Apr 29 15:29:14 2015 [1][-none-][FATAL]  Query Failed: SELECT id FROM aow_workflow WHERE aow_workflow.flow_module = 'ACLActions' AND aow_workflow.status = 'Active' AND aow_workflow.deleted = 0 : MySQL error 1146: Table 'suitecrm.aow_workflow' doesn't exist
Wed Apr 29 15:29:15 2015 [1][-none-][FATAL]  Query Failed: SELECT id FROM aow_workflow WHERE aow_workflow.flow_module = 'ACLActions' AND aow_workflow.status = 'Active' AND aow_workflow.deleted = 0 : MySQL error 1146: Table 'suitecrm.aow_workflow' doesn't exist
Wed Apr 29 15:29:15 2015 [1][-none-][FATAL]  Query Failed: SELECT id FROM aow_workflow WHERE aow_workflow.flow_module = 'ACLActions' AND aow_workflow.status = 'Active' AND aow_workflow.deleted = 0 : MySQL error 1146: Table 'suitecrm.aow_workflow' doesn't exist
Wed Apr 29 15:29:15 2015 [1][-none-][FATAL]  Query Failed: SELECT id FROM aow_workflow WHERE aow_workflow.flow_module = 'ACLActions' AND aow_workflow.status = 'Active' AND aow_workflow.deleted = 0 : MySQL error 1146: Table 'suitecrm.aow_workflow' doesn't exist
Wed Apr 29 15:29:15 2015 [1][-none-][FATAL]  Query Failed: SELECT id FROM aow_workflow WHERE aow_workflow.flow_module = 'ACLActions' AND aow_workflow.status = 'Active' AND aow_workflow.deleted = 0 : MySQL error 1146: Table 'suitecrm.aow_workflow' doesn't exist
Wed Apr 29 15:29:15 2015 [1][-none-][FATAL]  Query Failed: SELECT id FROM aow_workflow WHERE aow_workflow.flow_module = 'ACLActions' AND aow_workflow.status = 'Active' AND aow_workflow.deleted = 0 : MySQL error 1146: Table 'suitecrm.aow_workflow' doesn't exist
Wed Apr 29 15:29:15 2015 [1][-none-][FATAL]  Query Failed: SELECT id FROM aow_workflow WHERE aow_workflow.flow_module = 'ACLActions' AND aow_workflow.status = 'Active' AND aow_workflow.deleted = 0 : MySQL error 1146: Table 'suitecrm.aow_workflow' doesn't exist
Wed Apr 29 15:29:15 2015 [1][-none-][FATAL]  Query Failed: SELECT id FROM aow_workflow WHERE aow_workflow.flow_module = 'ACLActions' AND aow_workflow.status = 'Active' AND aow_workflow.deleted = 0 : MySQL error 1146: Table 'suitecrm.aow_workflow' doesn't exist
Wed Apr 29 15:29:15 2015 [1][-none-][FATAL]  Query Failed: SELECT id FROM aow_workflow WHERE aow_workflow.flow_module = 'ACLActions' AND aow_workflow.status = 'Active' AND aow_workflow.deleted = 0 : MySQL error 1146: Table 'suitecrm.aow_workflow' doesn't exist
Wed Apr 29 15:29:15 2015 [1][-none-][FATAL]  Query Failed: SELECT id FROM aow_workflow WHERE aow_workflow.flow_module = 'ACLActions' AND aow_workflow.status = 'Active' AND aow_workflow.deleted = 0 : MySQL error 1146: Table 'suitecrm.aow_workflow' doesn't exist
Wed Apr 29 15:29:15 2015 [1][-none-][FATAL]  Query Failed: SELECT id FROM aow_workflow WHERE aow_workflow.flow_module = 'ACLActions' AND aow_workflow.status = 'Active' AND aow_workflow.deleted = 0 : MySQL error 1146: Table 'suitecrm.aow_workflow' doesn't exist
Wed Apr 29 15:29:16 2015 [1][-none-][FATAL]  Query Failed: SELECT id FROM aow_workflow WHERE aow_workflow.flow_module = 'ACLActions' AND aow_workflow.status = 'Active' AND aow_workflow.deleted = 0 : MySQL error 1146: Table 'suitecrm.aow_workflow' doesn't exist
Wed Apr 29 15:29:16 2015 [1][-none-][FATAL]  Query Failed: SELECT id FROM aow_workflow WHERE aow_workflow.flow_module = 'ACLActions' AND aow_workflow.status = 'Active' AND aow_workflow.deleted = 0 : MySQL error 1146: Table 'suitecrm.aow_workflow' doesn't exist
Wed Apr 29 15:29:16 2015 [1][-none-][FATAL]  Query Failed: SELECT id FROM aow_workflow WHERE aow_workflow.flow_module = 'ACLActions' AND aow_workflow.status = 'Active' AND aow_workflow.deleted = 0 : MySQL error 1146: Table 'suitecrm.aow_workflow' doesn't exist
Wed Apr 29 15:29:16 2015 [1][-none-][FATAL]  Query Failed: SELECT id FROM aow_workflow WHERE aow_workflow.flow_module = 'ACLActions' AND aow_workflow.status = 'Active' AND aow_workflow.deleted = 0 : MySQL error 1146: Table 'suitecrm.aow_workflow' doesn't exist
Wed Apr 29 15:29:16 2015 [1][-none-][FATAL]  Query Failed: SELECT id FROM aow_workflow WHERE aow_workflow.flow_module = 'ACLActions' AND aow_workflow.status = 'Active' AND aow_workflow.deleted = 0 : MySQL error 1146: Table 'suitecrm.aow_workflow' doesn't exist
Wed Apr 29 15:29:16 2015 [1][-none-][FATAL]  Query Failed: SELECT id FROM aow_workflow WHERE aow_workflow.flow_module = 'ACLActions' AND aow_workflow.status = 'Active' AND aow_workflow.deleted = 0 : MySQL error 1146: Table 'suitecrm.aow_workflow' doesn't exist
Wed Apr 29 15:29:17 2015 [1][-none-][FATAL]  Query Failed: SELECT id FROM aow_workflow WHERE aow_workflow.flow_module = 'ACLActions' AND aow_workflow.status = 'Active' AND aow_workflow.deleted = 0 : MySQL error 1146: Table 'suitecrm.aow_workflow' doesn't exist
Wed Apr 29 15:29:17 2015 [1][-none-][FATAL]  Query Failed: SELECT id FROM aow_workflow WHERE aow_workflow.flow_module = 'ACLActions' AND aow_workflow.status = 'Active' AND aow_workflow.deleted = 0 : MySQL error 1146: Table 'suitecrm.aow_workflow' doesn't exist
Wed Apr 29 15:29:17 2015 [1][-none-][FATAL]  Query Failed: SELECT id FROM aow_workflow WHERE aow_workflow.flow_module = 'ACLActions' AND aow_workflow.status = 'Active' AND aow_workflow.deleted = 0 : MySQL error 1146: Table 'suitecrm.aow_workflow' doesn't exist
Wed Apr 29 15:29:17 2015 [1][-none-][FATAL]  Query Failed: SELECT id FROM aow_workflow WHERE aow_workflow.flow_module = 'ACLActions' AND aow_workflow.status = 'Active' AND aow_workflow.deleted = 0 : MySQL error 1146: Table 'suitecrm.aow_workflow' doesn't exist
Wed Apr 29 15:29:17 2015 [1][-none-][FATAL]  Query Failed: SELECT id FROM aow_workflow WHERE aow_workflow.flow_module = 'ACLActions' AND aow_workflow.status = 'Active' AND aow_workflow.deleted = 0 : MySQL error 1146: Table 'suitecrm.aow_workflow' doesn't exist
Wed Apr 29 15:29:17 2015 [1][-none-][FATAL]  Query Failed: SELECT id FROM aow_workflow WHERE aow_workflow.flow_module = 'ACLActions' AND aow_workflow.status = 'Active' AND aow_workflow.deleted = 0 : MySQL error 1146: Table 'suitecrm.aow_workflow' doesn't exist
Wed Apr 29 15:29:17 2015 [1][-none-][FATAL]  Query Failed: SELECT id FROM aow_workflow WHERE aow_workflow.flow_module = 'ACLActions' AND aow_workflow.status = 'Active' AND aow_workflow.deleted = 0 : MySQL error 1146: Table 'suitecrm.aow_workflow' doesn't exist
Wed Apr 29 15:29:18 2015 [1][-none-][FATAL]  Query Failed: SELECT id FROM aow_workflow WHERE aow_workflow.flow_module = 'ACLActions' AND aow_workflow.status = 'Active' AND aow_workflow.deleted = 0 : MySQL error 1146: Table 'suitecrm.aow_workflow' doesn't exist
Wed Apr 29 15:29:18 2015 [1][-none-][FATAL]  Query Failed: SELECT id FROM aow_workflow WHERE aow_workflow.flow_module = 'ACLActions' AND aow_workflow.status = 'Active' AND aow_workflow.deleted = 0 : MySQL error 1146: Table 'suitecrm.aow_workflow' doesn't exist
Wed Apr 29 15:29:18 2015 [1][-none-][FATAL]  Query Failed: SELECT id FROM aow_workflow WHERE aow_workflow.flow_module = 'ACLActions' AND aow_workflow.status = 'Active' AND aow_workflow.deleted = 0 : MySQL error 1146: Table 'suitecrm.aow_workflow' doesn't exist
Wed Apr 29 15:29:18 2015 [1][-none-][FATAL]  Query Failed: SELECT id FROM aow_workflow WHERE aow_workflow.flow_module = 'ACLActions' AND aow_workflow.status = 'Active' AND aow_workflow.deleted = 0 : MySQL error 1146: Table 'suitecrm.aow_workflow' doesn't exist
Wed Apr 29 15:29:18 2015 [1][-none-][FATAL]  Query Failed: SELECT id FROM aow_workflow WHERE aow_workflow.flow_module = 'ACLActions' AND aow_workflow.status = 'Active' AND aow_workflow.deleted = 0 : MySQL error 1146: Table 'suitecrm.aow_workflow' doesn't exist
Wed Apr 29 15:29:18 2015 [1][-none-][FATAL]  Query Failed: SELECT id FROM aow_workflow WHERE aow_workflow.flow_module = 'ACLActions' AND aow_workflow.status = 'Active' AND aow_workflow.deleted = 0 : MySQL error 1146: Table 'suitecrm.aow_workflow' doesn't exist
Wed Apr 29 15:29:18 2015 [1][-none-][FATAL]  Query Failed: SELECT id FROM aow_workflow WHERE aow_workflow.flow_module = 'ACLActions' AND aow_workflow.status = 'Active' AND aow_workflow.deleted = 0 : MySQL error 1146: Table 'suitecrm.aow_workflow' doesn't exist
Wed Apr 29 15:29:18 2015 [1][-none-][FATAL]  Query Failed: SELECT id FROM aow_workflow WHERE aow_workflow.flow_module = 'ACLActions' AND aow_workflow.status = 'Active' AND aow_workflow.deleted = 0 : MySQL error 1146: Table 'suitecrm.aow_workflow' doesn't exist
Wed Apr 29 15:29:19 2015 [1][-none-][FATAL]  Query Failed: SELECT id FROM aow_workflow WHERE aow_workflow.flow_module = 'ACLActions' AND aow_workflow.status = 'Active' AND aow_workflow.deleted = 0 : MySQL error 1146: Table 'suitecrm.aow_workflow' doesn't exist
Wed Apr 29 15:29:19 2015 [1][-none-][FATAL]  Query Failed: SELECT id FROM aow_workflow WHERE aow_workflow.flow_module = 'ACLActions' AND aow_workflow.status = 'Active' AND aow_workflow.deleted = 0 : MySQL error 1146: Table 'suitecrm.aow_workflow' doesn't exist
Wed Apr 29 15:29:19 2015 [1][-none-][FATAL]  Query Failed: SELECT id FROM aow_workflow WHERE aow_workflow.flow_module = 'ACLActions' AND aow_workflow.status = 'Active' AND aow_workflow.deleted = 0 : MySQL error 1146: Table 'suitecrm.aow_workflow' doesn't exist
Wed Apr 29 15:29:19 2015 [1][-none-][FATAL]  Query Failed: SELECT id FROM aow_workflow WHERE aow_workflow.flow_module = 'ACLActions' AND aow_workflow.status = 'Active' AND aow_workflow.deleted = 0 : MySQL error 1146: Table 'suitecrm.aow_workflow' doesn't exist
Wed Apr 29 15:29:19 2015 [1][-none-][FATAL]  Query Failed: SELECT id FROM aow_workflow WHERE aow_workflow.flow_module = 'ACLActions' AND aow_workflow.status = 'Active' AND aow_workflow.deleted = 0 : MySQL error 1146: Table 'suitecrm.aow_workflow' doesn't exist
Wed Apr 29 15:29:19 2015 [1][-none-][FATAL]  Query Failed: SELECT id FROM aow_workflow WHERE aow_workflow.flow_module = 'ACLActions' AND aow_workflow.status = 'Active' AND aow_workflow.deleted = 0 : MySQL error 1146: Table 'suitecrm.aow_workflow' doesn't exist
Wed Apr 29 15:29:19 2015 [1][-none-][FATAL]  Query Failed: SELECT id FROM aow_workflow WHERE aow_workflow.flow_module = 'ACLActions' AND aow_workflow.status = 'Active' AND aow_workflow.deleted = 0 : MySQL error 1146: Table 'suitecrm.aow_workflow' doesn't exist
Wed Apr 29 15:29:19 2015 [1][-none-][FATAL]  Query Failed: SELECT id FROM aow_workflow WHERE aow_workflow.flow_module = 'ACLActions' AND aow_workflow.status = 'Active' AND aow_workflow.deleted = 0 : MySQL error 1146: Table 'suitecrm.aow_workflow' doesn't exist
Wed Apr 29 15:29:19 2015 [1][-none-][FATAL]  Query Failed: SELECT id FROM aow_workflow WHERE aow_workflow.flow_module = 'ACLActions' AND aow_workflow.status = 'Active' AND aow_workflow.deleted = 0 : MySQL error 1146: Table 'suitecrm.aow_workflow' doesn't exist
Wed Apr 29 15:29:20 2015 [1][-none-][FATAL]  Query Failed: SELECT id FROM aow_workflow WHERE aow_workflow.flow_module = 'ACLActions' AND aow_workflow.status = 'Active' AND aow_workflow.deleted = 0 : MySQL error 1146: Table 'suitecrm.aow_workflow' doesn't exist
Wed Apr 29 15:29:20 2015 [1][-none-][FATAL]  Query Failed: SELECT id FROM aow_workflow WHERE aow_workflow.flow_module = 'ACLActions' AND aow_workflow.status = 'Active' AND aow_workflow.deleted = 0 : MySQL error 1146: Table 'suitecrm.aow_workflow' doesn't exist
Wed Apr 29 15:29:20 2015 [1][-none-][FATAL]  Query Failed: SELECT id FROM aow_workflow WHERE aow_workflow.flow_module = 'ACLActions' AND aow_workflow.status = 'Active' AND aow_workflow.deleted = 0 : MySQL error 1146: Table 'suitecrm.aow_workflow' doesn't exist
Wed Apr 29 15:29:20 2015 [1][-none-][FATAL]  Query Failed: SELECT id FROM aow_workflow WHERE aow_workflow.flow_module = 'ACLActions' AND aow_workflow.status = 'Active' AND aow_workflow.deleted = 0 : MySQL error 1146: Table 'suitecrm.aow_workflow' doesn't exist
Wed Apr 29 15:29:20 2015 [1][-none-][FATAL]  Query Failed: SELECT id FROM aow_workflow WHERE aow_workflow.flow_module = 'ACLActions' AND aow_workflow.status = 'Active' AND aow_workflow.deleted = 0 : MySQL error 1146: Table 'suitecrm.aow_workflow' doesn't exist
Wed Apr 29 15:29:20 2015 [1][-none-][FATAL]  Query Failed: SELECT id FROM aow_workflow WHERE aow_workflow.flow_module = 'ACLActions' AND aow_workflow.status = 'Active' AND aow_workflow.deleted = 0 : MySQL error 1146: Table 'suitecrm.aow_workflow' doesn't exist
Wed Apr 29 15:29:20 2015 [1][-none-][FATAL]  Query Failed: SELECT id FROM aow_workflow WHERE aow_workflow.flow_module = 'ACLActions' AND aow_workflow.status = 'Active' AND aow_workflow.deleted = 0 : MySQL error 1146: Table 'suitecrm.aow_workflow' doesn't exist
Wed Apr 29 15:29:21 2015 [1][-none-][FATAL]  Query Failed: SELECT id FROM aow_workflow WHERE aow_workflow.flow_module = 'ACLActions' AND aow_workflow.status = 'Active' AND aow_workflow.deleted = 0 : MySQL error 1146: Table 'suitecrm.aow_workflow' doesn't exist
Wed Apr 29 15:29:21 2015 [1][-none-][FATAL]  Query Failed: SELECT id FROM aow_workflow WHERE aow_workflow.flow_module = 'ACLActions' AND aow_workflow.status = 'Active' AND aow_workflow.deleted = 0 : MySQL error 1146: Table 'suitecrm.aow_workflow' doesn't exist
Wed Apr 29 15:29:21 2015 [1][-none-][FATAL]  Query Failed: SELECT id FROM aow_workflow WHERE aow_workflow.flow_module = 'ACLActions' AND aow_workflow.status = 'Active' AND aow_workflow.deleted = 0 : MySQL error 1146: Table 'suitecrm.aow_workflow' doesn't exist
Wed Apr 29 15:29:21 2015 [1][-none-][FATAL]  Query Failed: SELECT id FROM aow_workflow WHERE aow_workflow.flow_module = 'ACLActions' AND aow_workflow.status = 'Active' AND aow_workflow.deleted = 0 : MySQL error 1146: Table 'suitecrm.aow_workflow' doesn't exist
Wed Apr 29 15:29:21 2015 [1][-none-][FATAL]  Query Failed: SELECT id FROM aow_workflow WHERE aow_workflow.flow_module = 'ACLActions' AND aow_workflow.status = 'Active' AND aow_workflow.deleted = 0 : MySQL error 1146: Table 'suitecrm.aow_workflow' doesn't exist
Wed Apr 29 15:29:21 2015 [1][-none-][FATAL]  Query Failed: SELECT id FROM aow_workflow WHERE aow_workflow.flow_module = 'ACLActions' AND aow_workflow.status = 'Active' AND aow_workflow.deleted = 0 : MySQL error 1146: Table 'suitecrm.aow_workflow' doesn't exist
Wed Apr 29 15:29:21 2015 [1][-none-][FATAL]  Query Failed: SELECT id FROM aow_workflow WHERE aow_workflow.flow_module = 'ACLActions' AND aow_workflow.status = 'Active' AND aow_workflow.deleted = 0 : MySQL error 1146: Table 'suitecrm.aow_workflow' doesn't exist
Wed Apr 29 15:29:21 2015 [1][-none-][FATAL]  Query Failed: SELECT id FROM aow_workflow WHERE aow_workflow.flow_module = 'ACLActions' AND aow_workflow.status = 'Active' AND aow_workflow.deleted = 0 : MySQL error 1146: Table 'suitecrm.aow_workflow' doesn't exist
Wed Apr 29 15:29:22 2015 [1][-none-][FATAL]  Query Failed: SELECT id FROM aow_workflow WHERE aow_workflow.flow_module = 'ACLActions' AND aow_workflow.status = 'Active' AND aow_workflow.deleted = 0 : MySQL error 1146: Table 'suitecrm.aow_workflow' doesn't exist
Wed Apr 29 15:29:22 2015 [1][-none-][FATAL]  Query Failed: SELECT id FROM aow_workflow WHERE aow_workflow.flow_module = 'ACLActions' AND aow_workflow.status = 'Active' AND aow_workflow.deleted = 0 : MySQL error 1146: Table 'suitecrm.aow_workflow' doesn't exist
Wed Apr 29 15:29:22 2015 [1][-none-][FATAL]  Query Failed: SELECT id FROM aow_workflow WHERE aow_workflow.flow_module = 'ACLActions' AND aow_workflow.status = 'Active' AND aow_workflow.deleted = 0 : MySQL error 1146: Table 'suitecrm.aow_workflow' doesn't exist
Wed Apr 29 15:29:23 2015 [1][-none-][FATAL]  Query Failed: SELECT id FROM aow_workflow WHERE aow_workflow.flow_module = 'ACLActions' AND aow_workflow.status = 'Active' AND aow_workflow.deleted = 0 : MySQL error 1146: Table 'suitecrm.aow_workflow' doesn't exist
Wed Apr 29 15:29:23 2015 [1][-none-][FATAL]  Query Failed: SELECT id FROM aow_workflow WHERE aow_workflow.flow_module = 'ACLActions' AND aow_workflow.status = 'Active' AND aow_workflow.deleted = 0 : MySQL error 1146: Table 'suitecrm.aow_workflow' doesn't exist
Wed Apr 29 15:29:23 2015 [1][-none-][FATAL]  Query Failed: SELECT id FROM aow_workflow WHERE aow_workflow.flow_module = 'ACLActions' AND aow_workflow.status = 'Active' AND aow_workflow.deleted = 0 : MySQL error 1146: Table 'suitecrm.aow_workflow' doesn't exist
Wed Apr 29 15:29:23 2015 [1][-none-][FATAL]  Query Failed: SELECT id FROM aow_workflow WHERE aow_workflow.flow_module = 'ACLActions' AND aow_workflow.status = 'Active' AND aow_workflow.deleted = 0 : MySQL error 1146: Table 'suitecrm.aow_workflow' doesn't exist
Wed Apr 29 15:29:23 2015 [1][-none-][FATAL]  Query Failed: SELECT id FROM aow_workflow WHERE aow_workflow.flow_module = 'ACLActions' AND aow_workflow.status = 'Active' AND aow_workflow.deleted = 0 : MySQL error 1146: Table 'suitecrm.aow_workflow' doesn't exist
Wed Apr 29 15:29:24 2015 [1][-none-][FATAL]  Query Failed: SELECT id FROM aow_workflow WHERE aow_workflow.flow_module = 'ACLActions' AND aow_workflow.status = 'Active' AND aow_workflow.deleted = 0 : MySQL error 1146: Table 'suitecrm.aow_workflow' doesn't exist
Wed Apr 29 15:29:24 2015 [1][-none-][FATAL]  Query Failed: SELECT id FROM aow_workflow WHERE aow_workflow.flow_module = 'ACLActions' AND aow_workflow.status = 'Active' AND aow_workflow.deleted = 0 : MySQL error 1146: Table 'suitecrm.aow_workflow' doesn't exist
Wed Apr 29 15:29:24 2015 [1][-none-][FATAL]  Query Failed: SELECT id FROM aow_workflow WHERE aow_workflow.flow_module = 'ACLActions' AND aow_workflow.status = 'Active' AND aow_workflow.deleted = 0 : MySQL error 1146: Table 'suitecrm.aow_workflow' doesn't exist
Wed Apr 29 15:29:24 2015 [1][-none-][FATAL]  Query Failed: SELECT id FROM aow_workflow WHERE aow_workflow.flow_module = 'ACLActions' AND aow_workflow.status = 'Active' AND aow_workflow.deleted = 0 : MySQL error 1146: Table 'suitecrm.aow_workflow' doesn't exist
Wed Apr 29 15:29:24 2015 [1][-none-][FATAL]  Query Failed: SELECT id FROM aow_workflow WHERE aow_workflow.flow_module = 'ACLActions' AND aow_workflow.status = 'Active' AND aow_workflow.deleted = 0 : MySQL error 1146: Table 'suitecrm.aow_workflow' doesn't exist
Wed Apr 29 15:29:24 2015 [1][-none-][FATAL]  Query Failed: SELECT id FROM aow_workflow WHERE aow_workflow.flow_module = 'ACLActions' AND aow_workflow.status = 'Active' AND aow_workflow.deleted = 0 : MySQL error 1146: Table 'suitecrm.aow_workflow' doesn't exist
Wed Apr 29 15:29:24 2015 [1][-none-][FATAL]  Query Failed: SELECT id FROM aow_workflow WHERE aow_workflow.flow_module = 'ACLActions' AND aow_workflow.status = 'Active' AND aow_workflow.deleted = 0 : MySQL error 1146: Table 'suitecrm.aow_workflow' doesn't exist
Wed Apr 29 15:29:24 2015 [1][-none-][FATAL]  Query Failed: SELECT id FROM aow_workflow WHERE aow_workflow.flow_module = 'ACLActions' AND aow_workflow.status = 'Active' AND aow_workflow.deleted = 0 : MySQL error 1146: Table 'suitecrm.aow_workflow' doesn't exist
Wed Apr 29 15:29:25 2015 [1][-none-][FATAL]  Query Failed: SELECT id FROM aow_workflow WHERE aow_workflow.flow_module = 'ACLActions' AND aow_workflow.status = 'Active' AND aow_workflow.deleted = 0 : MySQL error 1146: Table 'suitecrm.aow_workflow' doesn't exist
Wed Apr 29 15:29:25 2015 [1][-none-][FATAL]  Query Failed: SELECT id FROM aow_workflow WHERE aow_workflow.flow_module = 'ACLActions' AND aow_workflow.status = 'Active' AND aow_workflow.deleted = 0 : MySQL error 1146: Table 'suitecrm.aow_workflow' doesn't exist
Wed Apr 29 15:29:25 2015 [1][-none-][FATAL]  Query Failed: SELECT id FROM aow_workflow WHERE aow_workflow.flow_module = 'ACLActions' AND aow_workflow.status = 'Active' AND aow_workflow.deleted = 0 : MySQL error 1146: Table 'suitecrm.aow_workflow' doesn't exist
Wed Apr 29 15:29:25 2015 [1][-none-][FATAL]  Query Failed: SELECT id FROM aow_workflow WHERE aow_workflow.flow_module = 'ACLActions' AND aow_workflow.status = 'Active' AND aow_workflow.deleted = 0 : MySQL error 1146: Table 'suitecrm.aow_workflow' doesn't exist
Wed Apr 29 15:29:25 2015 [1][-none-][FATAL]  Query Failed: SELECT id FROM aow_workflow WHERE aow_workflow.flow_module = 'ACLActions' AND aow_workflow.status = 'Active' AND aow_workflow.deleted = 0 : MySQL error 1146: Table 'suitecrm.aow_workflow' doesn't exist
Wed Apr 29 15:29:25 2015 [1][-none-][FATAL]  Query Failed: SELECT id FROM aow_workflow WHERE aow_workflow.flow_module = 'ACLActions' AND aow_workflow.status = 'Active' AND aow_workflow.deleted = 0 : MySQL error 1146: Table 'suitecrm.aow_workflow' doesn't exist
Wed Apr 29 15:29:25 2015 [1][-none-][FATAL]  Query Failed: SELECT id FROM aow_workflow WHERE aow_workflow.flow_module = 'ACLActions' AND aow_workflow.status = 'Active' AND aow_workflow.deleted = 0 : MySQL error 1146: Table 'suitecrm.aow_workflow' doesn't exist
Wed Apr 29 15:29:25 2015 [1][-none-][FATAL]  Query Failed: SELECT id FROM aow_workflow WHERE aow_workflow.flow_module = 'ACLActions' AND aow_workflow.status = 'Active' AND aow_workflow.deleted = 0 : MySQL error 1146: Table 'suitecrm.aow_workflow' doesn't exist
Wed Apr 29 15:29:26 2015 [1][-none-][FATAL]  Query Failed: SELECT id FROM aow_workflow WHERE aow_workflow.flow_module = 'ACLActions' AND aow_workflow.status = 'Active' AND aow_workflow.deleted = 0 : MySQL error 1146: Table 'suitecrm.aow_workflow' doesn't exist
Wed Apr 29 15:29:26 2015 [1][-none-][FATAL]  Query Failed: SELECT id FROM aow_workflow WHERE aow_workflow.flow_module = 'ACLActions' AND aow_workflow.status = 'Active' AND aow_workflow.deleted = 0 : MySQL error 1146: Table 'suitecrm.aow_workflow' doesn't exist
Wed Apr 29 15:29:26 2015 [1][-none-][FATAL]  Query Failed: SELECT id FROM aow_workflow WHERE aow_workflow.flow_module = 'ACLActions' AND aow_workflow.status = 'Active' AND aow_workflow.deleted = 0 : MySQL error 1146: Table 'suitecrm.aow_workflow' doesn't exist
Wed Apr 29 15:29:26 2015 [1][-none-][FATAL]  Query Failed: SELECT id FROM aow_workflow WHERE aow_workflow.flow_module = 'ACLActions' AND aow_workflow.status = 'Active' AND aow_workflow.deleted = 0 : MySQL error 1146: Table 'suitecrm.aow_workflow' doesn't exist
Wed Apr 29 15:29:26 2015 [1][-none-][FATAL]  Query Failed: SELECT id FROM aow_workflow WHERE aow_workflow.flow_module = 'ACLActions' AND aow_workflow.status = 'Active' AND aow_workflow.deleted = 0 : MySQL error 1146: Table 'suitecrm.aow_workflow' doesn't exist
Wed Apr 29 15:29:26 2015 [1][-none-][FATAL]  Query Failed: SELECT id FROM aow_workflow WHERE aow_workflow.flow_module = 'ACLActions' AND aow_workflow.status = 'Active' AND aow_workflow.deleted = 0 : MySQL error 1146: Table 'suitecrm.aow_workflow' doesn't exist
Wed Apr 29 15:29:26 2015 [1][-none-][FATAL]  Query Failed: SELECT id FROM aow_workflow WHERE aow_workflow.flow_module = 'ACLActions' AND aow_workflow.status = 'Active' AND aow_workflow.deleted = 0 : MySQL error 1146: Table 'suitecrm.aow_workflow' doesn't exist
Wed Apr 29 15:29:26 2015 [1][-none-][FATAL]  Query Failed: SELECT id FROM aow_workflow WHERE aow_workflow.flow_module = 'ACLActions' AND aow_workflow.status = 'Active' AND aow_workflow.deleted = 0 : MySQL error 1146: Table 'suitecrm.aow_workflow' doesn't exist
Wed Apr 29 15:29:27 2015 [1][-none-][FATAL]  Query Failed: SELECT id FROM aow_workflow WHERE aow_workflow.flow_module = 'ACLActions' AND aow_workflow.status = 'Active' AND aow_workflow.deleted = 0 : MySQL error 1146: Table 'suitecrm.aow_workflow' doesn't exist
Wed Apr 29 15:29:27 2015 [1][-none-][FATAL]  Query Failed: SELECT id FROM aow_workflow WHERE aow_workflow.flow_module = 'ACLActions' AND aow_workflow.status = 'Active' AND aow_workflow.deleted = 0 : MySQL error 1146: Table 'suitecrm.aow_workflow' doesn't exist
Wed Apr 29 15:29:27 2015 [1][-none-][FATAL]  Query Failed: SELECT id FROM aow_workflow WHERE aow_workflow.flow_module = 'ACLActions' AND aow_workflow.status = 'Active' AND aow_workflow.deleted = 0 : MySQL error 1146: Table 'suitecrm.aow_workflow' doesn't exist
Wed Apr 29 15:29:27 2015 [1][-none-][FATAL]  Query Failed: SELECT id FROM aow_workflow WHERE aow_workflow.flow_module = 'ACLActions' AND aow_workflow.status = 'Active' AND aow_workflow.deleted = 0 : MySQL error 1146: Table 'suitecrm.aow_workflow' doesn't exist
Wed Apr 29 15:29:27 2015 [1][-none-][FATAL]  Query Failed: SELECT id FROM aow_workflow WHERE aow_workflow.flow_module = 'ACLActions' AND aow_workflow.status = 'Active' AND aow_workflow.deleted = 0 : MySQL error 1146: Table 'suitecrm.aow_workflow' doesn't exist
Wed Apr 29 15:29:27 2015 [1][-none-][FATAL]  Query Failed: SELECT id FROM aow_workflow WHERE aow_workflow.flow_module = 'ACLActions' AND aow_workflow.status = 'Active' AND aow_workflow.deleted = 0 : MySQL error 1146: Table 'suitecrm.aow_workflow' doesn't exist
Wed Apr 29 15:29:27 2015 [1][-none-][FATAL]  Query Failed: SELECT id FROM aow_workflow WHERE aow_workflow.flow_module = 'ACLActions' AND aow_workflow.status = 'Active' AND aow_workflow.deleted = 0 : MySQL error 1146: Table 'suitecrm.aow_workflow' doesn't exist
Wed Apr 29 15:29:27 2015 [1][-none-][FATAL]  Query Failed: SELECT id FROM aow_workflow WHERE aow_workflow.flow_module = 'ACLActions' AND aow_workflow.status = 'Active' AND aow_workflow.deleted = 0 : MySQL error 1146: Table 'suitecrm.aow_workflow' doesn't exist
Wed Apr 29 15:29:27 2015 [1][-none-][FATAL]  Query Failed: SELECT id FROM aow_workflow WHERE aow_workflow.flow_module = 'ACLActions' AND aow_workflow.status = 'Active' AND aow_workflow.deleted = 0 : MySQL error 1146: Table 'suitecrm.aow_workflow' doesn't exist
Wed Apr 29 15:29:27 2015 [1][-none-][FATAL]  Query Failed: SELECT id FROM aow_workflow WHERE aow_workflow.flow_module = 'ACLActions' AND aow_workflow.status = 'Active' AND aow_workflow.deleted = 0 : MySQL error 1146: Table 'suitecrm.aow_workflow' doesn't exist
Wed Apr 29 15:29:27 2015 [1][-none-][FATAL]  Query Failed: SELECT id FROM aow_workflow WHERE aow_workflow.flow_module = 'ACLActions' AND aow_workflow.status = 'Active' AND aow_workflow.deleted = 0 : MySQL error 1146: Table 'suitecrm.aow_workflow' doesn't exist
Wed Apr 29 15:29:27 2015 [1][-none-][FATAL]  Query Failed: SELECT id FROM aow_workflow WHERE aow_workflow.flow_module = 'ACLActions' AND aow_workflow.status = 'Active' AND aow_workflow.deleted = 0 : MySQL error 1146: Table 'suitecrm.aow_workflow' doesn't exist
Wed Apr 29 15:29:27 2015 [1][-none-][FATAL]  Query Failed: SELECT id FROM aow_workflow WHERE aow_workflow.flow_module = 'ACLActions' AND aow_workflow.status = 'Active' AND aow_workflow.deleted = 0 : MySQL error 1146: Table 'suitecrm.aow_workflow' doesn't exist
Wed Apr 29 15:29:27 2015 [1][-none-][FATAL]  Query Failed: SELECT id FROM aow_workflow WHERE aow_workflow.flow_module = 'ACLActions' AND aow_workflow.status = 'Active' AND aow_workflow.deleted = 0 : MySQL error 1146: Table 'suitecrm.aow_workflow' doesn't exist
Wed Apr 29 15:29:27 2015 [1][-none-][FATAL]  Query Failed: SELECT id FROM aow_workflow WHERE aow_workflow.flow_module = 'ACLActions' AND aow_workflow.status = 'Active' AND aow_workflow.deleted = 0 : MySQL error 1146: Table 'suitecrm.aow_workflow' doesn't exist
Wed Apr 29 15:29:28 2015 [1][-none-][FATAL]  Query Failed: SELECT id FROM aow_workflow WHERE aow_workflow.flow_module = 'ACLActions' AND aow_workflow.status = 'Active' AND aow_workflow.deleted = 0 : MySQL error 1146: Table 'suitecrm.aow_workflow' doesn't exist
Wed Apr 29 15:29:28 2015 [1][-none-][FATAL]  Query Failed: SELECT id FROM aow_workflow WHERE aow_workflow.flow_module = 'ACLActions' AND aow_workflow.status = 'Active' AND aow_workflow.deleted = 0 : MySQL error 1146: Table 'suitecrm.aow_workflow' doesn't exist
Wed Apr 29 15:29:28 2015 [1][-none-][FATAL]  Query Failed: SELECT id FROM aow_workflow WHERE aow_workflow.flow_module = 'ACLActions' AND aow_workflow.status = 'Active' AND aow_workflow.deleted = 0 : MySQL error 1146: Table 'suitecrm.aow_workflow' doesn't exist
Wed Apr 29 15:29:28 2015 [1][-none-][FATAL]  Query Failed: SELECT id FROM aow_workflow WHERE aow_workflow.flow_module = 'ACLActions' AND aow_workflow.status = 'Active' AND aow_workflow.deleted = 0 : MySQL error 1146: Table 'suitecrm.aow_workflow' doesn't exist
Wed Apr 29 15:29:28 2015 [1][-none-][FATAL]  Query Failed: SELECT id FROM aow_workflow WHERE aow_workflow.flow_module = 'ACLActions' AND aow_workflow.status = 'Active' AND aow_workflow.deleted = 0 : MySQL error 1146: Table 'suitecrm.aow_workflow' doesn't exist
Wed Apr 29 15:29:28 2015 [1][-none-][FATAL]  Query Failed: SELECT id FROM aow_workflow WHERE aow_workflow.flow_module = 'ACLActions' AND aow_workflow.status = 'Active' AND aow_workflow.deleted = 0 : MySQL error 1146: Table 'suitecrm.aow_workflow' doesn't exist
Wed Apr 29 15:29:28 2015 [1][-none-][FATAL]  Query Failed: SELECT id FROM aow_workflow WHERE aow_workflow.flow_module = 'ACLActions' AND aow_workflow.status = 'Active' AND aow_workflow.deleted = 0 : MySQL error 1146: Table 'suitecrm.aow_workflow' doesn't exist
Wed Apr 29 15:29:28 2015 [1][-none-][FATAL]  Query Failed: SELECT id FROM aow_workflow WHERE aow_workflow.flow_module = 'ACLActions' AND aow_workflow.status = 'Active' AND aow_workflow.deleted = 0 : MySQL error 1146: Table 'suitecrm.aow_workflow' doesn't exist
Wed Apr 29 15:29:28 2015 [1][-none-][FATAL]  Query Failed: SELECT id FROM aow_workflow WHERE aow_workflow.flow_module = 'ACLActions' AND aow_workflow.status = 'Active' AND aow_workflow.deleted = 0 : MySQL error 1146: Table 'suitecrm.aow_workflow' doesn't exist
Wed Apr 29 15:29:29 2015 [1][-none-][FATAL]  Query Failed: SELECT id FROM aow_workflow WHERE aow_workflow.flow_module = 'ACLActions' AND aow_workflow.status = 'Active' AND aow_workflow.deleted = 0 : MySQL error 1146: Table 'suitecrm.aow_workflow' doesn't exist
Wed Apr 29 15:29:29 2015 [1][-none-][FATAL]  Query Failed: SELECT id FROM aow_workflow WHERE aow_workflow.flow_module = 'ACLActions' AND aow_workflow.status = 'Active' AND aow_workflow.deleted = 0 : MySQL error 1146: Table 'suitecrm.aow_workflow' doesn't exist
Wed Apr 29 15:29:29 2015 [1][-none-][FATAL]  Query Failed: SELECT id FROM aow_workflow WHERE aow_workflow.flow_module = 'ACLActions' AND aow_workflow.status = 'Active' AND aow_workflow.deleted = 0 : MySQL error 1146: Table 'suitecrm.aow_workflow' doesn't exist
Wed Apr 29 15:29:29 2015 [1][-none-][FATAL]  Query Failed: SELECT id FROM aow_workflow WHERE aow_workflow.flow_module = 'ACLActions' AND aow_workflow.status = 'Active' AND aow_workflow.deleted = 0 : MySQL error 1146: Table 'suitecrm.aow_workflow' doesn't exist
Wed Apr 29 15:29:29 2015 [1][-none-][FATAL]  Query Failed: SELECT id FROM aow_workflow WHERE aow_workflow.flow_module = 'ACLActions' AND aow_workflow.status = 'Active' AND aow_workflow.deleted = 0 : MySQL error 1146: Table 'suitecrm.aow_workflow' doesn't exist
Wed Apr 29 15:29:29 2015 [1][-none-][FATAL]  Query Failed: SELECT id FROM aow_workflow WHERE aow_workflow.flow_module = 'ACLActions' AND aow_workflow.status = 'Active' AND aow_workflow.deleted = 0 : MySQL error 1146: Table 'suitecrm.aow_workflow' doesn't exist
Wed Apr 29 15:29:30 2015 [1][-none-][FATAL]  Query Failed: SELECT id FROM aow_workflow WHERE aow_workflow.flow_module = 'ACLActions' AND aow_workflow.status = 'Active' AND aow_workflow.deleted = 0 : MySQL error 1146: Table 'suitecrm.aow_workflow' doesn't exist
Wed Apr 29 15:29:30 2015 [1][-none-][FATAL]  Query Failed: SELECT id FROM aow_workflow WHERE aow_workflow.flow_module = 'ACLActions' AND aow_workflow.status = 'Active' AND aow_workflow.deleted = 0 : MySQL error 1146: Table 'suitecrm.aow_workflow' doesn't exist
Wed Apr 29 15:29:30 2015 [1][-none-][FATAL]  Query Failed: SELECT id FROM aow_workflow WHERE aow_workflow.flow_module = 'ACLActions' AND aow_workflow.status = 'Active' AND aow_workflow.deleted = 0 : MySQL error 1146: Table 'suitecrm.aow_workflow' doesn't exist
Wed Apr 29 15:29:30 2015 [1][-none-][FATAL]  Query Failed: SELECT id FROM aow_workflow WHERE aow_workflow.flow_module = 'ACLActions' AND aow_workflow.status = 'Active' AND aow_workflow.deleted = 0 : MySQL error 1146: Table 'suitecrm.aow_workflow' doesn't exist
Wed Apr 29 15:29:30 2015 [1][-none-][FATAL]  Query Failed: SELECT id FROM aow_workflow WHERE aow_workflow.flow_module = 'ACLActions' AND aow_workflow.status = 'Active' AND aow_workflow.deleted = 0 : MySQL error 1146: Table 'suitecrm.aow_workflow' doesn't exist
Wed Apr 29 15:29:30 2015 [1][-none-][FATAL]  Query Failed: SELECT id FROM aow_workflow WHERE aow_workflow.flow_module = 'ACLActions' AND aow_workflow.status = 'Active' AND aow_workflow.deleted = 0 : MySQL error 1146: Table 'suitecrm.aow_workflow' doesn't exist
Wed Apr 29 15:29:30 2015 [1][-none-][FATAL]  Query Failed: SELECT id FROM aow_workflow WHERE aow_workflow.flow_module = 'ACLActions' AND aow_workflow.status = 'Active' AND aow_workflow.deleted = 0 : MySQL error 1146: Table 'suitecrm.aow_workflow' doesn't exist
Wed Apr 29 15:29:30 2015 [1][-none-][FATAL]  Query Failed: SELECT id FROM aow_workflow WHERE aow_workflow.flow_module = 'ACLActions' AND aow_workflow.status = 'Active' AND aow_workflow.deleted = 0 : MySQL error 1146: Table 'suitecrm.aow_workflow' doesn't exist
Wed Apr 29 15:29:30 2015 [1][-none-][FATAL]  Query Failed: SELECT id FROM aow_workflow WHERE aow_workflow.flow_module = 'ACLActions' AND aow_workflow.status = 'Active' AND aow_workflow.deleted = 0 : MySQL error 1146: Table 'suitecrm.aow_workflow' doesn't exist
Wed Apr 29 15:29:30 2015 [1][-none-][FATAL]  Query Failed: SELECT id FROM aow_workflow WHERE aow_workflow.flow_module = 'ACLActions' AND aow_workflow.status = 'Active' AND aow_workflow.deleted = 0 : MySQL error 1146: Table 'suitecrm.aow_workflow' doesn't exist
Wed Apr 29 15:29:32 2015 [1][-none-][FATAL]  Query Failed: SELECT id FROM aow_workflow WHERE aow_workflow.flow_module = 'ACLActions' AND aow_workflow.status = 'Active' AND aow_workflow.deleted = 0 : MySQL error 1146: Table 'suitecrm.aow_workflow' doesn't exist
Wed Apr 29 15:29:32 2015 [1][-none-][FATAL]  Query Failed: SELECT id FROM aow_workflow WHERE aow_workflow.flow_module = 'ACLActions' AND aow_workflow.status = 'Active' AND aow_workflow.deleted = 0 : MySQL error 1146: Table 'suitecrm.aow_workflow' doesn't exist
Wed Apr 29 15:29:32 2015 [1][-none-][FATAL]  Query Failed: SELECT id FROM aow_workflow WHERE aow_workflow.flow_module = 'ACLActions' AND aow_workflow.status = 'Active' AND aow_workflow.deleted = 0 : MySQL error 1146: Table 'suitecrm.aow_workflow' doesn't exist
Wed Apr 29 15:29:33 2015 [1][-none-][FATAL]  Query Failed: SELECT id FROM aow_workflow WHERE aow_workflow.flow_module = 'ACLActions' AND aow_workflow.status = 'Active' AND aow_workflow.deleted = 0 : MySQL error 1146: Table 'suitecrm.aow_workflow' doesn't exist
Wed Apr 29 15:29:33 2015 [1][-none-][FATAL]  Query Failed: SELECT id FROM aow_workflow WHERE aow_workflow.flow_module = 'ACLActions' AND aow_workflow.status = 'Active' AND aow_workflow.deleted = 0 : MySQL error 1146: Table 'suitecrm.aow_workflow' doesn't exist
Wed Apr 29 15:29:33 2015 [1][-none-][FATAL]  Query Failed: SELECT id FROM aow_workflow WHERE aow_workflow.flow_module = 'ACLActions' AND aow_workflow.status = 'Active' AND aow_workflow.deleted = 0 : MySQL error 1146: Table 'suitecrm.aow_workflow' doesn't exist
Wed Apr 29 15:29:33 2015 [1][-none-][FATAL]  Query Failed: SELECT id FROM aow_workflow WHERE aow_workflow.flow_module = 'ACLActions' AND aow_workflow.status = 'Active' AND aow_workflow.deleted = 0 : MySQL error 1146: Table 'suitecrm.aow_workflow' doesn't exist
Wed Apr 29 15:29:33 2015 [1][-none-][FATAL]  Query Failed: SELECT id FROM aow_workflow WHERE aow_workflow.flow_module = 'ACLActions' AND aow_workflow.status = 'Active' AND aow_workflow.deleted = 0 : MySQL error 1146: Table 'suitecrm.aow_workflow' doesn't exist
Wed Apr 29 15:29:35 2015 [1][-none-][FATAL]  Query Failed: SELECT id FROM aow_workflow WHERE aow_workflow.flow_module = 'ACLActions' AND aow_workflow.status = 'Active' AND aow_workflow.deleted = 0 : MySQL error 1146: Table 'suitecrm.aow_workflow' doesn't exist
Wed Apr 29 15:29:35 2015 [1][-none-][FATAL]  Query Failed: SELECT id FROM aow_workflow WHERE aow_workflow.flow_module = 'ACLActions' AND aow_workflow.status = 'Active' AND aow_workflow.deleted = 0 : MySQL error 1146: Table 'suitecrm.aow_workflow' doesn't exist
Wed Apr 29 15:29:35 2015 [1][-none-][FATAL]  Query Failed: SELECT id FROM aow_workflow WHERE aow_workflow.flow_module = 'ACLActions' AND aow_workflow.status = 'Active' AND aow_workflow.deleted = 0 : MySQL error 1146: Table 'suitecrm.aow_workflow' doesn't exist
Wed Apr 29 15:29:35 2015 [1][-none-][FATAL]  Query Failed: SELECT id FROM aow_workflow WHERE aow_workflow.flow_module = 'ACLActions' AND aow_workflow.status = 'Active' AND aow_workflow.deleted = 0 : MySQL error 1146: Table 'suitecrm.aow_workflow' doesn't exist
Wed Apr 29 15:29:35 2015 [1][-none-][FATAL]  Query Failed: SELECT id FROM aow_workflow WHERE aow_workflow.flow_module = 'ACLActions' AND aow_workflow.status = 'Active' AND aow_workflow.deleted = 0 : MySQL error 1146: Table 'suitecrm.aow_workflow' doesn't exist
Wed Apr 29 15:29:35 2015 [1][-none-][FATAL]  Query Failed: SELECT id FROM aow_workflow WHERE aow_workflow.flow_module = 'ACLActions' AND aow_workflow.status = 'Active' AND aow_workflow.deleted = 0 : MySQL error 1146: Table 'suitecrm.aow_workflow' doesn't exist
Wed Apr 29 15:29:35 2015 [1][-none-][FATAL]  Query Failed: SELECT id FROM aow_workflow WHERE aow_workflow.flow_module = 'ACLActions' AND aow_workflow.status = 'Active' AND aow_workflow.deleted = 0 : MySQL error 1146: Table 'suitecrm.aow_workflow' doesn't exist
Wed Apr 29 15:29:35 2015 [1][-none-][FATAL]  Query Failed: SELECT id FROM aow_workflow WHERE aow_workflow.flow_module = 'ACLActions' AND aow_workflow.status = 'Active' AND aow_workflow.deleted = 0 : MySQL error 1146: Table 'suitecrm.aow_workflow' doesn't exist
